<?xml version="1.0" encoding="UTF-8"?>
<testng-results skipped="0" failed="0" total="1" passed="1">
  <reporter-output>
  </reporter-output>
  <suite name="ScheduleBusTest" duration-ms="28403" started-at="2017-11-09T08:38:57Z" finished-at="2017-11-09T08:39:25Z">
    <groups>
    </groups>
    <test name="FirefoxTest" duration-ms="28403" started-at="2017-11-09T08:38:57Z" finished-at="2017-11-09T08:39:25Z">
      <class name="testgrid.TestGridClass">
        <test-method status="PASS" signature="launchbrowser(java.lang.String)" name="launchbrowser" is-config="true" duration-ms="12027" started-at="2017-11-09T08:38:57Z" finished-at="2017-11-09T08:39:09Z">
          <params>
            <param index="0">
              <value>
                <![CDATA[firefox]]>
              </value>
            </param>
          </params>
        </test-method>
        <test-method status="PASS" signature="calculatepercent()" name="calculatepercent" duration-ms="15077" started-at="2017-11-09T08:39:09Z" finished-at="2017-11-09T08:39:24Z">
        </test-method>
        <test-method status="PASS" signature="closeBrowser()" name="closeBrowser" is-config="true" duration-ms="1294" started-at="2017-11-09T08:39:24Z" finished-at="2017-11-09T08:39:25Z">
        </test-method>
      </class>
    </test>
  </suite>
</testng-results>
